{"name": "Login with valid credentials -- @1.2 ", "status": "broken", "statusDetails": {"message": "selenium.common.exceptions.NoSuchElementException: Message: no such element: Unable to locate element: {\"method\":\"link text\",\"selector\":\"Edit your account information\"}\n  (Session info: chrome=126.0.6478.115); For documentation on this error, please visit: https://www.selenium.dev/documentation/webdriver/troubleshooting/errors#no-such-element-exception\nStacktrace:\n\tGetHandleVerifier [0x00E90ED3+27667]\n\t(No symbol) [0x00E26BD4]\n\t(No symbol) [0x00D21AFF]\n\t(No symbol) [0x00D62BFE]\n\t(No symbol) [0x00D62CDB]\n\t(No symbol) [0x00D9EC22]\n\t(No symbol) [0x00D83974]\n\t(No symbol) [0x00D9CAC7]\n\t(No symbol) [0x00D836C6]\n\t(No symbol) [0x00D574D1]\n\t(No symbol) [0x00D5804D]\n\tGetHandleVerifier [0x01143D43+2857603]\n\tGetHandleVerifier [0x01197EAD+3202029]\n\tGetHandleVerifier [0x00F146D4+566292]\n\tGetHandleVerifier [0x00F1B8CC+595468]\n\t(No symbol) [0x00E2F9C4]\n\t(No symbol) [0x00E2C6D8]\n\t(No symbol) [0x00E2C877]\n\t(No symbol) [0x00E1E76E]\n\tBaseThreadInitThunk [0x758C7BA9+25]\n\tRtlInitializeExceptionChain [0x7730C10B+107]\n\tRtlClearBits [0x7730C08F+191]\n\n", "trace": "  File \"C:\\Users\\swetha.senthilkumar\\PycharmProjects\\using_behave\\venv\\Lib\\site-packages\\behave\\model.py\", line 1329, in run\n    match.run(runner.context)\n  File \"C:\\Users\\swetha.senthilkumar\\PycharmProjects\\using_behave\\venv\\Lib\\site-packages\\behave\\matchers.py\", line 98, in run\n    self.func(context, *args, **kwargs)\n  File \"features\\steps\\test_login1.py\", line 49, in step_impl\n    context.Loginpage_components_instance.logged_in()\n  File \"C:\\Users\\swetha.senthilkumar\\PycharmProjects\\using_behave\\features\\POM\\Loginpage1.py\", line 22, in logged_in\n    self.driver.find_element(By.LINK_TEXT,self.after_logging_in).is_displayed()\n    ^^^^^^^^^^^^^^^^^^^^^^^^^^^^^^^^^^^^^^^^^^^^^^^^^^^^^^^^^^^^\n  File \"C:\\Users\\swetha.senthilkumar\\PycharmProjects\\using_behave\\venv\\Lib\\site-packages\\selenium\\webdriver\\remote\\webdriver.py\", line 741, in find_element\n    return self.execute(Command.FIND_ELEMENT, {\"using\": by, \"value\": value})[\"value\"]\n           ^^^^^^^^^^^^^^^^^^^^^^^^^^^^^^^^^^^^^^^^^^^^^^^^^^^^^^^^^^^^^^^^^\n  File \"C:\\Users\\swetha.senthilkumar\\PycharmProjects\\using_behave\\venv\\Lib\\site-packages\\selenium\\webdriver\\remote\\webdriver.py\", line 347, in execute\n    self.error_handler.check_response(response)\n  File \"C:\\Users\\swetha.senthilkumar\\PycharmProjects\\using_behave\\venv\\Lib\\site-packages\\selenium\\webdriver\\remote\\errorhandler.py\", line 229, in check_response\n    raise exception_class(message, screen, stacktrace)\n"}, "steps": [{"name": "Given the login endpoints", "status": "passed", "start": 1719209341287, "stop": 1719209346701}, {"name": "When the valid emailid as \"swetha51.viji@gmail.com\" and password as \"Swe17@\" in to the fields", "status": "passed", "start": 1719209346701, "stop": 1719209347069}, {"name": "And clicked on login button", "status": "passed", "start": 1719209347069, "stop": 1719209355629}, {"name": "Then the system should log the user", "status": "broken", "statusDetails": {"message": "selenium.common.exceptions.NoSuchElementException: Message: no such element: Unable to locate element: {\"method\":\"link text\",\"selector\":\"Edit your account information\"}\n  (Session info: chrome=126.0.6478.115); For documentation on this error, please visit: https://www.selenium.dev/documentation/webdriver/troubleshooting/errors#no-such-element-exception\nStacktrace:\n\tGetHandleVerifier [0x00E90ED3+27667]\n\t(No symbol) [0x00E26BD4]\n\t(No symbol) [0x00D21AFF]\n\t(No symbol) [0x00D62BFE]\n\t(No symbol) [0x00D62CDB]\n\t(No symbol) [0x00D9EC22]\n\t(No symbol) [0x00D83974]\n\t(No symbol) [0x00D9CAC7]\n\t(No symbol) [0x00D836C6]\n\t(No symbol) [0x00D574D1]\n\t(No symbol) [0x00D5804D]\n\tGetHandleVerifier [0x01143D43+2857603]\n\tGetHandleVerifier [0x01197EAD+3202029]\n\tGetHandleVerifier [0x00F146D4+566292]\n\tGetHandleVerifier [0x00F1B8CC+595468]\n\t(No symbol) [0x00E2F9C4]\n\t(No symbol) [0x00E2C6D8]\n\t(No symbol) [0x00E2C877]\n\t(No symbol) [0x00E1E76E]\n\tBaseThreadInitThunk [0x758C7BA9+25]\n\tRtlInitializeExceptionChain [0x7730C10B+107]\n\tRtlClearBits [0x7730C08F+191]\n\n", "trace": "  File \"C:\\Users\\swetha.senthilkumar\\PycharmProjects\\using_behave\\venv\\Lib\\site-packages\\behave\\model.py\", line 1329, in run\n    match.run(runner.context)\n  File \"C:\\Users\\swetha.senthilkumar\\PycharmProjects\\using_behave\\venv\\Lib\\site-packages\\behave\\matchers.py\", line 98, in run\n    self.func(context, *args, **kwargs)\n  File \"features\\steps\\test_login1.py\", line 49, in step_impl\n    context.Loginpage_components_instance.logged_in()\n  File \"C:\\Users\\swetha.senthilkumar\\PycharmProjects\\using_behave\\features\\POM\\Loginpage1.py\", line 22, in logged_in\n    self.driver.find_element(By.LINK_TEXT,self.after_logging_in).is_displayed()\n    ^^^^^^^^^^^^^^^^^^^^^^^^^^^^^^^^^^^^^^^^^^^^^^^^^^^^^^^^^^^^\n  File \"C:\\Users\\swetha.senthilkumar\\PycharmProjects\\using_behave\\venv\\Lib\\site-packages\\selenium\\webdriver\\remote\\webdriver.py\", line 741, in find_element\n    return self.execute(Command.FIND_ELEMENT, {\"using\": by, \"value\": value})[\"value\"]\n           ^^^^^^^^^^^^^^^^^^^^^^^^^^^^^^^^^^^^^^^^^^^^^^^^^^^^^^^^^^^^^^^^^\n  File \"C:\\Users\\swetha.senthilkumar\\PycharmProjects\\using_behave\\venv\\Lib\\site-packages\\selenium\\webdriver\\remote\\webdriver.py\", line 347, in execute\n    self.error_handler.check_response(response)\n  File \"C:\\Users\\swetha.senthilkumar\\PycharmProjects\\using_behave\\venv\\Lib\\site-packages\\selenium\\webdriver\\remote\\errorhandler.py\", line 229, in check_response\n    raise exception_class(message, screen, stacktrace)\n"}, "start": 1719209355629, "stop": 1719209355673}], "parameters": [{"name": "email", "value": "swetha51.viji@gmail.com"}, {"name": "password", "value": "Swe17@"}], "start": 1719209336351, "stop": 1719209358154, "uuid": "d6c95271-d8ec-4aee-afff-f65240c802ec", "historyId": "c9b2a4d9aab798906f199fc5837042e1", "fullName": "Login functionality: Login with valid credentials", "labels": [{"name": "severity", "value": "normal"}, {"name": "tag", "value": "POM1"}, {"name": "tag", "value": "login"}, {"name": "feature", "value": "Login functionality"}, {"name": "framework", "value": "behave"}, {"name": "language", "value": "cpython3"}]}